Building documentation...
Memory before build: 758812
Initializing...
Merging XML documentation...
Building file mapping...
Loading XSLT files...
    namespace.xslt
    An error occured while trying to build the documentation.

    

Exception: NDoc.Core.DocumenterException
Error compiling the namespace stylesheet

Exception: System.Exception
Error compiling the namespace stylesheet

Exception: System.IO.DirectoryNotFoundException
Ein Teil des Pfades C:\Documenter\Msdn\xslt\namespace.xslt konnte nicht gefunden werden.



Exception: NDoc.Core.DocumenterException
   bei NDoc.Documenter.Msdn.MsdnDocumenter.Build(Project _project) in C:\Documents and Settings\Administrator\Desktop\NDoc2005\src\Documenter\Msdn\MsdnDocumenter.cs:Zeile 565.
   bei NDoc.Gui.BuildWorker.ThreadProc() in C:\Documents and Settings\Administrator\Desktop\NDoc2005\src\Gui\BuildWorker.cs:Zeile 88.

Exception: System.Exception
   bei NDoc.Documenter.Msdn.StyleSheetCollection.MakeTransform(String name, XsltResourceResolver resolver) in C:\Documents and Settings\Administrator\Desktop\NDoc2005\src\Documenter\Msdn\StyleSheetCollection.cs:Zeile 115.
   bei NDoc.Documenter.Msdn.StyleSheetCollection.AddFrom(String name, XsltResourceResolver resolver) in C:\Documents and Settings\Administrator\Desktop\NDoc2005\src\Documenter\Msdn\StyleSheetCollection.cs:Zeile 96.
   bei NDoc.Documenter.Msdn.StyleSheetCollection.LoadStyleSheets(String extensibilityStylesheet) in C:\Documents and Settings\Administrator\Desktop\NDoc2005\src\Documenter\Msdn\StyleSheetCollection.cs:Zeile 58.
   bei NDoc.Documenter.Msdn.MsdnDocumenter.Build(Project _project) in C:\Documents and Settings\Administrator\Desktop\NDoc2005\src\Documenter\Msdn\MsdnDocumenter.cs:Zeile 400.

Exception: System.IO.DirectoryNotFoundException
   bei System.IO.__Error.WinIOError(Int32 errorCode, String maybeFullPath)
   bei System.IO.FileStream.Init(String path, FileMode mode, FileAccess access, Int32 rights, Boolean useRights, FileShare share, Int32 bufferSize, FileOptions options, SECURITY_ATTRIBUTES secAttrs, String msgPath, Boolean bFromProxy)
   bei System.IO.FileStream..ctor(String path, FileMode mode, FileAccess access, FileShare share, Int32 bufferSize)
   bei System.Xml.XmlDownloadManager.GetStream(Uri uri, ICredentials credentials)
   bei System.Xml.XmlUrlResolver.GetEntity(Uri absoluteUri, String role, Type ofObjectToReturn)
   bei NDoc.Core.XsltResourceResolver.GetEntity(Uri absoluteUri, String role, Type ofObjectToReturn) in C:\Documents and Settings\Administrator\Desktop\NDoc2005\src\Core\XsltResourceResolver.cs:Zeile 138.
   bei NDoc.Documenter.Msdn.StyleSheetCollection.MakeTransform(String name, XsltResourceResolver resolver) in C:\Documents and Settings\Administrator\Desktop\NDoc2005\src\Documenter\Msdn\StyleSheetCollection.cs:Zeile 105.


