information QA1004: blank or 'noise' <remarks> tag ignored for member: "F:LogicData.VirtualHandset.VirtualHandset.MAX_MF_MOTOR_CHANNELS"
information QA1004: blank or 'noise' <remarks> tag ignored for member: "F:LogicData.VirtualHandset.VirtualHandset.MAX_MF_MOTOR_GROUPS"
information QA1004: blank or 'noise' <remarks> tag ignored for member: "F:LogicData.VirtualHandset.VirtualHandset.MAX_MEMO_POSITIONS"
information QA1004: blank or 'noise' <remarks> tag ignored for member: "F:LogicData.VirtualHandset.VirtualHandset.MAX_SAFETY_STOP_CHANNELS"
information QA1004: blank or 'noise' <remarks> tag ignored for member: "F:LogicData.VirtualHandset.VirtualHandset.OEM_INFORMATION_LENGTH"
information QA1004: blank or 'noise' <remarks> tag ignored for member: "F:LogicData.VirtualHandset.VirtualHandset.Comm"
information QA1004: blank or 'noise' <remarks> tag ignored for member: "F:LogicData.VirtualHandset.VirtualHandset.ControlBox"
information QA1004: blank or 'noise' <remarks> tag ignored for member: "F:LogicData.VirtualHandset.VirtualHandset.sComPort"
information QA1004: blank or 'noise' <remarks> tag ignored for member: "F:LogicData.VirtualHandset.VirtualHandset.ComPortIsOpen"
information QA1004: blank or 'noise' <remarks> tag ignored for member: "F:LogicData.VirtualHandset.VirtualHandset.iConnectRetries"
information QA1004: blank or 'noise' <remarks> tag ignored for member: "F:LogicData.VirtualHandset.VirtualHandset.iAutoDisconnectTimeout"
information QA1004: blank or 'noise' <remarks> tag ignored for member: "F:LogicData.VirtualHandset.VirtualHandset.CommunicationLock"
information QA1004: blank or 'noise' <remarks> tag ignored for member: "F:LogicData.VirtualHandset.VirtualHandset.VirtualHandsetConnected"
information QA1004: blank or 'noise' <remarks> tag ignored for member: "F:LogicData.VirtualHandset.VirtualHandset.UsedVirtualHandset"
information QA1004: blank or 'noise' <remarks> tag ignored for member: "F:LogicData.VirtualHandset.VirtualHandset.BackgroundThread"
information QA1004: blank or 'noise' <remarks> tag ignored for member: "F:LogicData.VirtualHandset.VirtualHandset.ThreadStopLock"
information QA1004: blank or 'noise' <remarks> tag ignored for member: "F:LogicData.VirtualHandset.VirtualHandset.ThreadStopping"
information QA1004: blank or 'noise' <remarks> tag ignored for member: "F:LogicData.VirtualHandset.VirtualHandset.ThreadStopped"
information QA1004: blank or 'noise' <remarks> tag ignored for member: "F:LogicData.VirtualHandset.VirtualHandset.ThreadSleepTime"
information QA1004: blank or 'noise' <remarks> tag ignored for member: "F:LogicData.VirtualHandset.VirtualHandset.ThreadAbortTimeout"
information QA1004: blank or 'noise' <remarks> tag ignored for member: "F:LogicData.VirtualHandset.VirtualHandset.ThreadCommandLock"
information QA1004: blank or 'noise' <remarks> tag ignored for member: "F:LogicData.VirtualHandset.VirtualHandset.ThreadCommandList"
information QA1004: blank or 'noise' <remarks> tag ignored for member: "F:LogicData.VirtualHandset.VirtualHandset.ThreadInterface.ThreadCommand"
information QA1004: blank or 'noise' <remarks> tag ignored for member: "F:LogicData.VirtualHandset.VirtualHandset.ThreadInterface.MotorGroup"
information QA1004: blank or 'noise' <remarks> tag ignored for member: "F:LogicData.VirtualHandset.VirtualHandset.ThreadInterface.MemoNumber"
information QA1004: blank or 'noise' <remarks> tag ignored for member: "F:LogicData.VirtualHandset.VirtualHandset.ThreadInterface.DesiredPosition"
information QA1004: blank or 'noise' <remarks> tag ignored for member: "F:LogicData.VirtualHandset.VirtualHandset.ThreadInterface.ActivateContainerOrShelfStop"
information QA1004: blank or 'noise' <remarks> tag ignored for member: "T:LogicData.VirtualHandset.VirtualHandset.ThreadInterface"
information QA1004: blank or 'noise' <remarks> tag ignored for member: "T:LogicData.VirtualHandset.VirtualHandset.ThreadCommand"
information QA1004: blank or 'noise' <remarks> tag ignored for member: "T:LogicData.VirtualHandset.VirtualHandset.VirtualHandsetProtocol"
information QA1004: blank or 'noise' <remarks> tag ignored for member: "F:LogicData.VirtualHandset.VirtualHandset.SystemState.MSCST_NORMOP"
information QA1004: blank or 'noise' <remarks> tag ignored for member: "F:LogicData.VirtualHandset.VirtualHandset.SystemState.MSCST_RSTCAL"
information QA1004: blank or 'noise' <remarks> tag ignored for member: "F:LogicData.VirtualHandset.VirtualHandset.SystemState.MSCST_SAFESTATE"
information QA1004: blank or 'noise' <remarks> tag ignored for member: "F:LogicData.VirtualHandset.VirtualHandset.Faults.NONE"
information QA1004: blank or 'noise' <remarks> tag ignored for member: "F:LogicData.VirtualHandset.VirtualHandset.CurrentLog.AverageDownwards"
information QA1004: blank or 'noise' <remarks> tag ignored for member: "F:LogicData.VirtualHandset.VirtualHandset.CurrentLog.MaxDownwards"
information QA1004: blank or 'noise' <remarks> tag ignored for member: "F:LogicData.VirtualHandset.VirtualHandset.CurrentLog.AverageUpwards"
information QA1004: blank or 'noise' <remarks> tag ignored for member: "F:LogicData.VirtualHandset.VirtualHandset.CurrentLog.MaxUpwards"
information QA1004: blank or 'noise' <remarks> tag ignored for member: "F:LogicData.VirtualHandset.VirtualHandset.ContainerShelfStopSettings.ContainerStopPosition"
information QA1004: blank or 'noise' <remarks> tag ignored for member: "F:LogicData.VirtualHandset.VirtualHandset.ContainerShelfStopSettings.ShelfStopPosition"
information QA1004: blank or 'noise' <remarks> tag ignored for member: "F:LogicData.VirtualHandset.VirtualHandset.ContainerShelfStopSettings.ContainerStopActive"
information QA1004: blank or 'noise' <remarks> tag ignored for member: "F:LogicData.VirtualHandset.VirtualHandset.ContainerShelfStopSettings.ShelfStopActive"
information QA1004: blank or 'noise' <remarks> tag ignored for member: "F:LogicData.VirtualHandset.VirtualHandset.DisplaySettings.DisplayUnit"
information QA1004: blank or 'noise' <remarks> tag ignored for member: "F:LogicData.VirtualHandset.VirtualHandset.DisplaySettings.DisplayData"
information QA1004: blank or 'noise' <remarks> tag ignored for member: "F:LogicData.VirtualHandset.VirtualHandset.DisplayData.ImpulsesForLowerDisplay"
information QA1004: blank or 'noise' <remarks> tag ignored for member: "F:LogicData.VirtualHandset.VirtualHandset.DisplayData.ImpulsesForUpperDisplay"
information QA1004: blank or 'noise' <remarks> tag ignored for member: "F:LogicData.VirtualHandset.VirtualHandset.DisplayData.LowerDisplayValue"
information QA1004: blank or 'noise' <remarks> tag ignored for member: "F:LogicData.VirtualHandset.VirtualHandset.DisplayData.UpperDisplayValue"
information QA1004: blank or 'noise' <remarks> tag ignored for member: "F:LogicData.VirtualHandset.VirtualHandset.DisplayData.UseDecimalPoint"
information QA1004: blank or 'noise' <remarks> tag ignored for member: "F:LogicData.VirtualHandset.VirtualHandset.HandsetDisplay.DisplayText"
information QA1004: blank or 'noise' <remarks> tag ignored for member: "F:LogicData.VirtualHandset.VirtualHandset.HandsetDisplay.IsBlinking"
information QA1004: blank or 'noise' <remarks> tag ignored for member: "F:LogicData.VirtualHandset.VirtualHandset.ControlUnitSettings.ControlUnitName"
information QA1004: blank or 'noise' <remarks> tag ignored for member: "F:LogicData.VirtualHandset.VirtualHandset.ControlUnitSettings.FirmwareVersion"
information QA1004: blank or 'noise' <remarks> tag ignored for member: "F:LogicData.VirtualHandset.VirtualHandset.ControlUnitSettings.HandsetProtocolVersion"
information QA1004: blank or 'noise' <remarks> tag ignored for member: "F:LogicData.VirtualHandset.VirtualHandset.ControlUnitSettings.HandsetProtocolFeatures"
information QA1004: blank or 'noise' <remarks> tag ignored for member: "F:LogicData.VirtualHandset.VirtualHandset.ControlUnitSettings.MotorGroupAssignment"
information QA1004: blank or 'noise' <remarks> tag ignored for member: "F:LogicData.VirtualHandset.VirtualHandset.ControlUnitSettings.CurrentPosition"
information QA1004: blank or 'noise' <remarks> tag ignored for member: "F:LogicData.VirtualHandset.VirtualHandset.ControlUnitSettings.LowerLimit"
information QA1004: blank or 'noise' <remarks> tag ignored for member: "F:LogicData.VirtualHandset.VirtualHandset.ControlUnitSettings.UpperLimit"
information QA1004: blank or 'noise' <remarks> tag ignored for member: "F:LogicData.VirtualHandset.VirtualHandset.ControlUnitSettings.ContainerAndShelfStopFunctionAvailable"
information QA1004: blank or 'noise' <remarks> tag ignored for member: "F:LogicData.VirtualHandset.VirtualHandset.ControlUnitSettings.ContainerAndShelfStop"
information QA1004: blank or 'noise' <remarks> tag ignored for member: "F:LogicData.VirtualHandset.VirtualHandset.ControlUnitSettings.MemoryPositions"
information QA1004: blank or 'noise' <remarks> tag ignored for member: "F:LogicData.VirtualHandset.VirtualHandset.ControlUnitSettings.HandsetType"
information QA1004: blank or 'noise' <remarks> tag ignored for member: "F:LogicData.VirtualHandset.VirtualHandset.ControlUnitSettings.DisplaySettings"
information QA1004: blank or 'noise' <remarks> tag ignored for member: "F:LogicData.VirtualHandset.VirtualHandset.ControlUnitSettings.SystemState"
information QA1004: blank or 'noise' <remarks> tag ignored for member: "F:LogicData.VirtualHandset.VirtualHandset.ControlUnitSettings.CurrentDisplayedError"
information QA1004: blank or 'noise' <remarks> tag ignored for member: "F:LogicData.VirtualHandset.VirtualHandset.ControlUnitSettings.CurrentErrorCode"
information QA1004: blank or 'noise' <remarks> tag ignored for member: "F:LogicData.VirtualHandset.VirtualHandset.ControlUnitSettings.LastLoggedErrorCode"
information QA1004: blank or 'noise' <remarks> tag ignored for member: "F:LogicData.VirtualHandset.VirtualHandset.ControlUnitSettings.SafetyStopActive"
information QA1004: blank or 'noise' <remarks> tag ignored for member: "F:LogicData.VirtualHandset.VirtualHandset.ControlUnitSettings.NumberOfMoves"
information QA1004: blank or 'noise' <remarks> tag ignored for member: "F:LogicData.VirtualHandset.VirtualHandset.ControlUnitSettings.LoggedCurrents"
information QA1004: blank or 'noise' <remarks> tag ignored for member: "F:LogicData.VirtualHandset.VirtualHandset.ControlUnitSettings.OEMInformation"
information QA1004: blank or 'noise' <remarks> tag ignored for member: "F:LogicData.VirtualHandset.VirtualHandset.ControlUnitSettings.CurrentHandsetDisplay"
information QA1004: blank or 'noise' <value> tag ignored for member: "P:LogicData.VirtualHandset.VirtualHandset.AutoDisconnectTimeout"
information QA1004: blank or 'noise' <returns> tag ignored for member: "P:LogicData.VirtualHandset.VirtualHandset.AutoDisconnectTimeout"
information QA1004: blank or 'noise' <remarks> tag ignored for member: "P:LogicData.VirtualHandset.VirtualHandset.AutoDisconnectTimeout"
information QA1004: blank or 'noise' <value> tag ignored for member: "P:LogicData.VirtualHandset.VirtualHandset.ComPort"
information QA1004: blank or 'noise' <returns> tag ignored for member: "P:LogicData.VirtualHandset.VirtualHandset.ComPort"
information QA1004: blank or 'noise' <remarks> tag ignored for member: "P:LogicData.VirtualHandset.VirtualHandset.ComPort"
information QA1004: blank or 'noise' <remarks> tag ignored for member: "T:LogicData.VirtualHandset.VirtualHandset.OnUpdateDisplayDelegate"
information QA1004: blank or 'noise' <remarks> tag ignored for member: "E:LogicData.VirtualHandset.VirtualHandset.OnUpdateDisplay"
information QA1004: blank or 'noise' <remarks> tag ignored for member: "T:LogicData.VirtualHandset.VirtualHandset.OnSynchronizeAfterDrivingDelegate"
information QA1004: blank or 'noise' <remarks> tag ignored for member: "M:LogicData.VirtualHandset.VirtualHandset.#ctor"
information QA1004: blank or 'noise' <remarks> tag ignored for member: "M:LogicData.VirtualHandset.VirtualHandset.Dispose"
information QA1004: blank or 'noise' <remarks> tag ignored for member: "M:LogicData.VirtualHandset.VirtualHandset.GetAvailableComPorts"
information QA1004: blank or 'noise' <remarks> tag ignored for member: "M:LogicData.VirtualHandset.VirtualHandset.Connect(System.String)"
information QA1004: blank or 'noise' <remarks> tag ignored for member: "M:LogicData.VirtualHandset.VirtualHandset.Disconnect"
information QA1004: blank or 'noise' <remarks> tag ignored for member: "M:LogicData.VirtualHandset.VirtualHandset.IsConnected"
information QA1004: blank or 'noise' <remarks> tag ignored for member: "M:LogicData.VirtualHandset.VirtualHandset.SettingsConnect"
information QA1004: blank or 'noise' <remarks> tag ignored for member: "M:LogicData.VirtualHandset.VirtualHandset.SettingsDisconnect"
information QA1004: blank or 'noise' <remarks> tag ignored for member: "M:LogicData.VirtualHandset.VirtualHandset.GetAllSettings(LogicData.VirtualHandset.VirtualHandset.ControlUnitSettings@)"
information QA1004: blank or 'noise' <remarks> tag ignored for member: "M:LogicData.VirtualHandset.VirtualHandset.WriteOEMInformation(System.Byte[])"
information QA1004: blank or 'noise' <remarks> tag ignored for member: "M:LogicData.VirtualHandset.VirtualHandset.WriteContainerStopSetting(LogicData.VirtualHandset.VirtualHandset.MotorGroup,System.Int32,System.Boolean)"
information QA1004: blank or 'noise' <param> tag ignored for member: "M:LogicData.VirtualHandset.VirtualHandset.WriteContainerStopSettingImpl(LogicData.VirtualHandset.VirtualHandset.MotorGroup,System.Int32,System.Boolean)"
information QA1004: blank or 'noise' <param> tag ignored for member: "M:LogicData.VirtualHandset.VirtualHandset.WriteContainerStopSettingImpl(LogicData.VirtualHandset.VirtualHandset.MotorGroup,System.Int32,System.Boolean)"
information QA1004: blank or 'noise' <param> tag ignored for member: "M:LogicData.VirtualHandset.VirtualHandset.WriteContainerStopSettingImpl(LogicData.VirtualHandset.VirtualHandset.MotorGroup,System.Int32,System.Boolean)"
information QA1004: blank or 'noise' <returns> tag ignored for member: "M:LogicData.VirtualHandset.VirtualHandset.WriteContainerStopSettingImpl(LogicData.VirtualHandset.VirtualHandset.MotorGroup,System.Int32,System.Boolean)"
information QA1004: blank or 'noise' <remarks> tag ignored for member: "M:LogicData.VirtualHandset.VirtualHandset.WriteContainerStopSettingImpl(LogicData.VirtualHandset.VirtualHandset.MotorGroup,System.Int32,System.Boolean)"
information QA1004: blank or 'noise' <remarks> tag ignored for member: "M:LogicData.VirtualHandset.VirtualHandset.WriteShelfStopSetting(LogicData.VirtualHandset.VirtualHandset.MotorGroup,System.Int32,System.Boolean)"
information QA1004: blank or 'noise' <param> tag ignored for member: "M:LogicData.VirtualHandset.VirtualHandset.WriteShelfStopSettingImpl(LogicData.VirtualHandset.VirtualHandset.MotorGroup,System.Int32,System.Boolean)"
information QA1004: blank or 'noise' <param> tag ignored for member: "M:LogicData.VirtualHandset.VirtualHandset.WriteShelfStopSettingImpl(LogicData.VirtualHandset.VirtualHandset.MotorGroup,System.Int32,System.Boolean)"
information QA1004: blank or 'noise' <param> tag ignored for member: "M:LogicData.VirtualHandset.VirtualHandset.WriteShelfStopSettingImpl(LogicData.VirtualHandset.VirtualHandset.MotorGroup,System.Int32,System.Boolean)"
information QA1004: blank or 'noise' <returns> tag ignored for member: "M:LogicData.VirtualHandset.VirtualHandset.WriteShelfStopSettingImpl(LogicData.VirtualHandset.VirtualHandset.MotorGroup,System.Int32,System.Boolean)"
information QA1004: blank or 'noise' <remarks> tag ignored for member: "M:LogicData.VirtualHandset.VirtualHandset.WriteShelfStopSettingImpl(LogicData.VirtualHandset.VirtualHandset.MotorGroup,System.Int32,System.Boolean)"
information QA1004: blank or 'noise' <remarks> tag ignored for member: "M:LogicData.VirtualHandset.VirtualHandset.WriteContainerAndShelfStopSetting(LogicData.VirtualHandset.VirtualHandset.MotorGroup,LogicData.VirtualHandset.VirtualHandset.ContainerShelfStopSettings)"
information QA1004: blank or 'noise' <param> tag ignored for member: "M:LogicData.VirtualHandset.VirtualHandset.WriteContainerAndShelfStopSettingImpl(LogicData.VirtualHandset.VirtualHandset.MotorGroup,LogicData.VirtualHandset.VirtualHandset.ContainerShelfStopSettings)"
information QA1004: blank or 'noise' <param> tag ignored for member: "M:LogicData.VirtualHandset.VirtualHandset.WriteContainerAndShelfStopSettingImpl(LogicData.VirtualHandset.VirtualHandset.MotorGroup,LogicData.VirtualHandset.VirtualHandset.ContainerShelfStopSettings)"
information QA1004: blank or 'noise' <returns> tag ignored for member: "M:LogicData.VirtualHandset.VirtualHandset.WriteContainerAndShelfStopSettingImpl(LogicData.VirtualHandset.VirtualHandset.MotorGroup,LogicData.VirtualHandset.VirtualHandset.ContainerShelfStopSettings)"
information QA1004: blank or 'noise' <remarks> tag ignored for member: "M:LogicData.VirtualHandset.VirtualHandset.WriteContainerAndShelfStopSettingImpl(LogicData.VirtualHandset.VirtualHandset.MotorGroup,LogicData.VirtualHandset.VirtualHandset.ContainerShelfStopSettings)"
information QA1004: blank or 'noise' <remarks> tag ignored for member: "M:LogicData.VirtualHandset.VirtualHandset.WriteContainerAndShelfStopSetting(LogicData.VirtualHandset.VirtualHandset.ContainerShelfStopSettings[])"
information QA1004: blank or 'noise' <remarks> tag ignored for member: "M:LogicData.VirtualHandset.VirtualHandset.GetDisplayedError(System.String@)"
information QA1004: blank or 'noise' <remarks> tag ignored for member: "M:LogicData.VirtualHandset.VirtualHandset.BackgroundThreadStart"
information QA1004: blank or 'noise' <remarks> tag ignored for member: "M:LogicData.VirtualHandset.VirtualHandset.BackgroundThreadStopWait"
information QA1004: blank or 'noise' <returns> tag ignored for member: "M:LogicData.VirtualHandset.VirtualHandset.ThreadShouldStop"
information QA1004: blank or 'noise' <remarks> tag ignored for member: "M:LogicData.VirtualHandset.VirtualHandset.ThreadShouldStop"
information QA1004: blank or 'noise' <remarks> tag ignored for member: "M:LogicData.VirtualHandset.VirtualHandset.BackgroundThreadFunc"
information QA1004: blank or 'noise' <remarks> tag ignored for member: "M:LogicData.VirtualHandset.VirtualHandset.ConnectVirtualHandset(LogicData.Communication.IVirtualHandset@)"
information QA1004: blank or 'noise' <remarks> tag ignored for member: "M:LogicData.VirtualHandset.VirtualHandset.DisconnectVirtualHandset(LogicData.Communication.IVirtualHandset@)"
information QA1004: blank or 'noise' <remarks> tag ignored for member: "M:LogicData.VirtualHandset.VirtualHandset.OnUpdateDisplayLDPVirtualHandset(LogicData.Communication.clsLDPVirtualHandset.HandsetDisplay)"
information QA1004: blank or 'noise' <remarks> tag ignored for member: "M:LogicData.VirtualHandset.VirtualHandset.EndMove"
information QA1004: blank or 'noise' <remarks> tag ignored for member: "M:LogicData.VirtualHandset.VirtualHandset.SaveMemoryPosition(LogicData.VirtualHandset.VirtualHandset.MemoNumber)"
information QA1004: blank or 'noise' <remarks> tag ignored for member: "M:LogicData.VirtualHandset.VirtualHandset.SetContainerOrShelfStop(LogicData.VirtualHandset.VirtualHandset.MotorGroup,System.Boolean)"
information QA1004: blank or 'noise' <remarks> tag ignored for member: "M:LogicData.VirtualHandset.VirtualHandset.OpenPortDEPRECATED(System.String)"
information QA1004: blank or 'noise' <remarks> tag ignored for member: "M:LogicData.VirtualHandset.VirtualHandset.OpenPort"
information QA1004: blank or 'noise' <returns> tag ignored for member: "M:LogicData.VirtualHandset.VirtualHandset.OpenPortImpl"
information QA1004: blank or 'noise' <remarks> tag ignored for member: "M:LogicData.VirtualHandset.VirtualHandset.OpenPortImpl"
information QA1004: blank or 'noise' <remarks> tag ignored for member: "M:LogicData.VirtualHandset.VirtualHandset.PortIsOpen"
information QA1004: blank or 'noise' <remarks> tag ignored for member: "M:LogicData.VirtualHandset.VirtualHandset.ClosePort"
information QA1004: blank or 'noise' <returns> tag ignored for member: "M:LogicData.VirtualHandset.VirtualHandset.ClosePortImpl"
information QA1004: blank or 'noise' <remarks> tag ignored for member: "M:LogicData.VirtualHandset.VirtualHandset.ClosePortImpl"
information QA1004: blank or 'noise' <remarks> tag ignored for member: "M:LogicData.VirtualHandset.VirtualHandset.XcpConnectDEPRECATED(System.String)"
information QA1004: blank or 'noise' <remarks> tag ignored for member: "M:LogicData.VirtualHandset.VirtualHandset.XcpConnect"
information QA1004: blank or 'noise' <remarks> tag ignored for member: "M:LogicData.VirtualHandset.VirtualHandset.XcpDisconnect"
information QA1004: blank or 'noise' <remarks> tag ignored for member: "M:LogicData.VirtualHandset.VirtualHandset.CalculateHandsetDisplay(LogicData.VirtualHandset.VirtualHandset.DisplaySettings,LogicData.VirtualHandset.VirtualHandset.MotorGroup,LogicData.VirtualHandset.VirtualHandset.SystemState,LogicData.VirtualHandset.VirtualHandset.Faults,System.Int32)"
information QA1004: blank or 'noise' <remarks> tag ignored for member: "M:LogicData.VirtualHandset.VirtualHandset.SetHandsetDisplay(LogicData.VirtualHandset.VirtualHandset.HandsetDisplay)"
information QA1004: blank or 'noise' <remarks> tag ignored for member: "M:LogicData.VirtualHandset.VirtualHandset.UpdateHandsetDisplay(LogicData.VirtualHandset.VirtualHandset.DisplaySettings,LogicData.VirtualHandset.VirtualHandset.MotorGroup)"
information QA1004: blank or 'noise' <remarks> tag ignored for member: "M:LogicData.VirtualHandset.VirtualHandset.GetDisplaySettings(LogicData.VirtualHandset.VirtualHandset.DisplaySettings@)"
information QA1004: blank or 'noise' <remarks> tag ignored for member: "M:LogicData.VirtualHandset.VirtualHandset.CalculateDisplayedErrorDEPRECATED(LogicData.VirtualHandset.VirtualHandset.Faults)"
information QA1004: blank or 'noise' <remarks> tag ignored for member: "M:LogicData.VirtualHandset.VirtualHandset.CalculateDisplayedErrorForHandsetDisplay(LogicData.VirtualHandset.VirtualHandset.Faults)"
information QA1004: blank or 'noise' <remarks> tag ignored for member: "M:LogicData.VirtualHandset.VirtualHandset.CheckForSynchronizationAfterDriving"
